<?xml version="1.0" encoding="UTF-8"?>
<!-- Generated by org.testng.reporters.JUnitXMLReporter -->
<testsuite hostname="DESKTOP-AK8SRVS" name="Test" tests="1" failures="0" timestamp="12 Jul 2020 15:59:21 GMT" time="19.362" errors="0">
  <testcase name="@AfterTest appiumStopServer" time="0.0" classname="online.TestPackage.LoginTest">
    <failure type="java.lang.NullPointerException">
      <![CDATA[java.lang.NullPointerException
	at online.basePackage.AppiumMainLaunch.appiumserverstop(AppiumMainLaunch.java:69)
	at online.TestPackage.LoginTest.appiumStopServer(LoginTest.java:40)
... Removed 22 stack frames]]>
    </failure>
  </testcase> <!-- @AfterTest appiumStopServer -->
  <testcase name="login" time="1.806" classname="online.TestPackage.LoginTest"/>
</testsuite> <!-- Test -->
