<?xml version="1.0" encoding="UTF-8"?>
<testng-results skipped="0" failed="0" total="1" passed="1">
  <reporter-output>
  </reporter-output>
  <suite name="Suite" duration-ms="19362" started-at="2020-07-12T15:59:01Z" finished-at="2020-07-12T15:59:21Z">
    <groups>
    </groups>
    <test name="Test" duration-ms="19362" started-at="2020-07-12T15:59:01Z" finished-at="2020-07-12T15:59:21Z">
      <class name="online.TestPackage.LoginTest">
        <test-method status="PASS" signature="appiumServerStart()[pri:0, instance:online.TestPackage.LoginTest@6537cf78]" name="appiumServerStart" is-config="true" duration-ms="17528" started-at="2020-07-12T21:29:01Z" finished-at="2020-07-12T21:29:19Z">
          <reporter-output>
          </reporter-output>
        </test-method> <!-- appiumServerStart -->
        <test-method status="PASS" signature="login()[pri:0, instance:online.TestPackage.LoginTest@6537cf78]" name="login" duration-ms="1806" started-at="2020-07-12T21:29:19Z" finished-at="2020-07-12T21:29:21Z">
          <reporter-output>
          </reporter-output>
        </test-method> <!-- login -->
        <test-method status="FAIL" signature="appiumStopServer()[pri:0, instance:online.TestPackage.LoginTest@6537cf78]" name="appiumStopServer" is-config="true" duration-ms="0" started-at="2020-07-12T21:29:21Z" finished-at="2020-07-12T21:29:21Z">
          <exception class="java.lang.NullPointerException">
            <full-stacktrace>
              <![CDATA[java.lang.NullPointerException
	at online.basePackage.AppiumMainLaunch.appiumserverstop(AppiumMainLaunch.java:69)
	at online.TestPackage.LoginTest.appiumStopServer(LoginTest.java:40)
	at sun.reflect.NativeMethodAccessorImpl.invoke0(Native Method)
	at sun.reflect.NativeMethodAccessorImpl.invoke(NativeMethodAccessorImpl.java:62)
	at sun.reflect.DelegatingMethodAccessorImpl.invoke(DelegatingMethodAccessorImpl.java:43)
	at java.lang.reflect.Method.invoke(Method.java:498)
	at org.testng.internal.MethodInvocationHelper.invokeMethod(MethodInvocationHelper.java:86)
	at org.testng.internal.Invoker.invokeConfigurationMethod(Invoker.java:514)
	at org.testng.internal.Invoker.invokeConfigurations(Invoker.java:215)
	at org.testng.internal.Invoker.invokeConfigurations(Invoker.java:142)
	at org.testng.TestRunner.afterRun(TestRunner.java:1012)
	at org.testng.TestRunner.run(TestRunner.java:636)
	at org.testng.SuiteRunner.runTest(SuiteRunner.java:366)
	at org.testng.SuiteRunner.runSequentially(SuiteRunner.java:361)
	at org.testng.SuiteRunner.privateRun(SuiteRunner.java:319)
	at org.testng.SuiteRunner.run(SuiteRunner.java:268)
	at org.testng.SuiteRunnerWorker.runSuite(SuiteRunnerWorker.java:52)
	at org.testng.SuiteRunnerWorker.run(SuiteRunnerWorker.java:86)
	at org.testng.TestNG.runSuitesSequentially(TestNG.java:1244)
	at org.testng.TestNG.runSuitesLocally(TestNG.java:1169)
	at org.testng.TestNG.run(TestNG.java:1064)
	at org.testng.remote.RemoteTestNG.run(RemoteTestNG.java:113)
	at org.testng.remote.RemoteTestNG.initAndRun(RemoteTestNG.java:206)
	at org.testng.remote.RemoteTestNG.main(RemoteTestNG.java:177)
]]>
            </full-stacktrace>
          </exception> <!-- java.lang.NullPointerException -->
          <reporter-output>
          </reporter-output>
        </test-method> <!-- appiumStopServer -->
      </class> <!-- online.TestPackage.LoginTest -->
    </test> <!-- Test -->
  </suite> <!-- Suite -->
</testng-results>
